2020-08-16 00:02:25.886  INFO 9640 --- [restartedMain] vmansus.community.CommunityApplication   : Starting CommunityApplication on DESKTOP-OSFMTGP with PID 9640 (C:\Users\20781\IdeaProjects\community\target\classes started by 20781 in C:\Users\20781\IdeaProjects\community)
2020-08-16 00:02:25.897  INFO 9640 --- [restartedMain] vmansus.community.CommunityApplication   : No active profile set, falling back to default profiles: default
2020-08-16 00:02:25.979  INFO 9640 --- [restartedMain] .e.DevToolsPropertyDefaultsPostProcessor : Devtools property defaults active! Set 'spring.devtools.add-properties' to 'false' to disable
2020-08-16 00:02:25.980  INFO 9640 --- [restartedMain] .e.DevToolsPropertyDefaultsPostProcessor : For additional web related logging consider setting the 'logging.level.web' property to 'DEBUG'
2020-08-16 00:02:27.849  INFO 9640 --- [restartedMain] o.s.b.w.embedded.tomcat.TomcatWebServer  : Tomcat initialized with port(s): 8887 (http)
2020-08-16 00:02:27.863  INFO 9640 --- [restartedMain] o.apache.catalina.core.StandardService   : Starting service [Tomcat]
2020-08-16 00:02:27.864  INFO 9640 --- [restartedMain] org.apache.catalina.core.StandardEngine  : Starting Servlet engine: [Apache Tomcat/9.0.36]
2020-08-16 00:02:28.056  INFO 9640 --- [restartedMain] o.a.c.c.C.[Tomcat].[localhost].[/]       : Initializing Spring embedded WebApplicationContext
2020-08-16 00:02:28.057  INFO 9640 --- [restartedMain] w.s.c.ServletWebServerApplicationContext : Root WebApplicationContext: initialization completed in 2077 ms
2020-08-16 00:02:28.257  INFO 9640 --- [restartedMain] com.zaxxer.hikari.HikariDataSource       : HikariPool-1 - Starting...
2020-08-16 00:02:28.759  INFO 9640 --- [restartedMain] com.zaxxer.hikari.HikariDataSource       : HikariPool-1 - Start completed.
2020-08-16 00:02:28.816  INFO 9640 --- [restartedMain] o.s.b.a.h2.H2ConsoleAutoConfiguration    : H2 console available at '/h2-console'. Database available at 'jdbc:h2:D:/community'
2020-08-16 00:02:31.324  INFO 9640 --- [restartedMain] o.s.s.concurrent.ThreadPoolTaskExecutor  : Initializing ExecutorService 'applicationTaskExecutor'
2020-08-16 00:02:31.524  INFO 9640 --- [restartedMain] o.s.b.a.w.s.WelcomePageHandlerMapping    : Adding welcome page template: index
2020-08-16 00:02:31.760  INFO 9640 --- [restartedMain] o.s.s.c.ThreadPoolTaskScheduler          : Initializing ExecutorService 'taskScheduler'
2020-08-16 00:02:32.083  INFO 9640 --- [restartedMain] o.s.b.d.a.OptionalLiveReloadServer       : LiveReload server is running on port 35729
2020-08-16 00:02:32.142  INFO 9640 --- [restartedMain] o.s.b.w.embedded.tomcat.TomcatWebServer  : Tomcat started on port(s): 8887 (http) with context path ''
2020-08-16 00:02:32.163  INFO 9640 --- [scheduling-1] vmansus.community.schedule.HotTagTasks   : hotTagSchedule start Sun Aug 16 00:02:32 HKT 2020
2020-08-16 00:02:32.203  INFO 9640 --- [restartedMain] vmansus.community.CommunityApplication   : Started CommunityApplication in 6.735 seconds (JVM running for 9.274)
2020-08-16 00:02:32.299  INFO 9640 --- [scheduling-1] vmansus.community.schedule.HotTagTasks   : hotTagSchedule stop Sun Aug 16 00:02:32 HKT 2020
2020-08-16 00:02:39.540  INFO 9640 --- [http-nio-8887-exec-1] o.a.c.c.C.[Tomcat].[localhost].[/]       : Initializing Spring DispatcherServlet 'dispatcherServlet'
2020-08-16 00:02:39.541  INFO 9640 --- [http-nio-8887-exec-1] o.s.web.servlet.DispatcherServlet        : Initializing Servlet 'dispatcherServlet'
2020-08-16 00:02:39.551  INFO 9640 --- [http-nio-8887-exec-1] o.s.web.servlet.DispatcherServlet        : Completed initialization in 10 ms
2020-08-16 00:02:41.247  WARN 9640 --- [http-nio-8887-exec-1] o.a.c.util.SessionIdGeneratorBase        : Creation of SecureRandom instance for session ID generation using [SHA1PRNG] took [1,613] milliseconds.
2020-08-16 00:03:21.006  WARN 9640 --- [http-nio-8887-exec-9] .m.m.a.ExceptionHandlerExceptionResolver : Resolved [org.springframework.web.multipart.MaxUploadSizeExceededException: Maximum upload size exceeded; nested exception is java.lang.IllegalStateException: org.apache.tomcat.util.http.fileupload.impl.FileSizeLimitExceededException: The field editormd-image-file exceeds its maximum permitted size of 1048576 bytes.]
2020-08-16 00:17:53.870  INFO 18048 --- [restartedMain] vmansus.community.CommunityApplication   : Starting CommunityApplication on DESKTOP-OSFMTGP with PID 18048 (C:\Users\20781\IdeaProjects\community\target\classes started by 20781 in C:\Users\20781\IdeaProjects\community)
2020-08-16 00:17:53.874  INFO 18048 --- [restartedMain] vmansus.community.CommunityApplication   : No active profile set, falling back to default profiles: default
2020-08-16 00:17:53.993  INFO 18048 --- [restartedMain] .e.DevToolsPropertyDefaultsPostProcessor : Devtools property defaults active! Set 'spring.devtools.add-properties' to 'false' to disable
2020-08-16 00:17:53.993  INFO 18048 --- [restartedMain] .e.DevToolsPropertyDefaultsPostProcessor : For additional web related logging consider setting the 'logging.level.web' property to 'DEBUG'
2020-08-16 00:17:55.628  INFO 18048 --- [restartedMain] o.s.b.w.embedded.tomcat.TomcatWebServer  : Tomcat initialized with port(s): 8887 (http)
2020-08-16 00:17:55.638  INFO 18048 --- [restartedMain] o.apache.catalina.core.StandardService   : Starting service [Tomcat]
2020-08-16 00:17:55.638  INFO 18048 --- [restartedMain] org.apache.catalina.core.StandardEngine  : Starting Servlet engine: [Apache Tomcat/9.0.36]
2020-08-16 00:17:55.746  INFO 18048 --- [restartedMain] o.a.c.c.C.[Tomcat].[localhost].[/]       : Initializing Spring embedded WebApplicationContext
2020-08-16 00:17:55.747  INFO 18048 --- [restartedMain] w.s.c.ServletWebServerApplicationContext : Root WebApplicationContext: initialization completed in 1753 ms
2020-08-16 00:17:55.789  INFO 18048 --- [restartedMain] com.zaxxer.hikari.HikariDataSource       : HikariPool-1 - Starting...
2020-08-16 00:17:55.929  INFO 18048 --- [restartedMain] com.zaxxer.hikari.HikariDataSource       : HikariPool-1 - Start completed.
2020-08-16 00:17:55.935  INFO 18048 --- [restartedMain] o.s.b.a.h2.H2ConsoleAutoConfiguration    : H2 console available at '/h2-console'. Database available at 'jdbc:h2:D:/community'
2020-08-16 00:17:56.543  INFO 18048 --- [restartedMain] o.s.s.concurrent.ThreadPoolTaskExecutor  : Initializing ExecutorService 'applicationTaskExecutor'
2020-08-16 00:17:56.629  INFO 18048 --- [restartedMain] o.s.b.a.w.s.WelcomePageHandlerMapping    : Adding welcome page template: index
2020-08-16 00:17:56.774  INFO 18048 --- [restartedMain] o.s.s.c.ThreadPoolTaskScheduler          : Initializing ExecutorService 'taskScheduler'
2020-08-16 00:17:57.035  INFO 18048 --- [restartedMain] o.s.b.d.a.OptionalLiveReloadServer       : LiveReload server is running on port 35729
2020-08-16 00:17:57.097  INFO 18048 --- [restartedMain] o.s.b.w.embedded.tomcat.TomcatWebServer  : Tomcat started on port(s): 8887 (http) with context path ''
2020-08-16 00:17:57.110  INFO 18048 --- [scheduling-1] vmansus.community.schedule.HotTagTasks   : hotTagSchedule start Sun Aug 16 00:17:57 HKT 2020
2020-08-16 00:17:57.118  INFO 18048 --- [restartedMain] vmansus.community.CommunityApplication   : Started CommunityApplication in 3.916 seconds (JVM running for 6.502)
2020-08-16 00:17:57.197  INFO 18048 --- [scheduling-1] vmansus.community.schedule.HotTagTasks   : hotTagSchedule stop Sun Aug 16 00:17:57 HKT 2020
2020-08-16 00:18:06.582  INFO 18048 --- [http-nio-8887-exec-1] o.a.c.c.C.[Tomcat].[localhost].[/]       : Initializing Spring DispatcherServlet 'dispatcherServlet'
2020-08-16 00:18:06.583  INFO 18048 --- [http-nio-8887-exec-1] o.s.web.servlet.DispatcherServlet        : Initializing Servlet 'dispatcherServlet'
2020-08-16 00:18:06.592  INFO 18048 --- [http-nio-8887-exec-1] o.s.web.servlet.DispatcherServlet        : Completed initialization in 9 ms
2020-08-16 00:18:08.022  WARN 18048 --- [http-nio-8887-exec-1] o.a.c.util.SessionIdGeneratorBase        : Creation of SecureRandom instance for session ID generation using [SHA1PRNG] took [1,382] milliseconds.
2020-08-16 00:23:36.706  INFO 9516 --- [restartedMain] vmansus.community.CommunityApplication   : Starting CommunityApplication on DESKTOP-OSFMTGP with PID 9516 (C:\Users\20781\IdeaProjects\community\target\classes started by 20781 in C:\Users\20781\IdeaProjects\community)
2020-08-16 00:23:36.710  INFO 9516 --- [restartedMain] vmansus.community.CommunityApplication   : No active profile set, falling back to default profiles: default
2020-08-16 00:23:36.856  INFO 9516 --- [restartedMain] .e.DevToolsPropertyDefaultsPostProcessor : Devtools property defaults active! Set 'spring.devtools.add-properties' to 'false' to disable
2020-08-16 00:23:36.857  INFO 9516 --- [restartedMain] .e.DevToolsPropertyDefaultsPostProcessor : For additional web related logging consider setting the 'logging.level.web' property to 'DEBUG'
2020-08-16 00:23:38.711  INFO 9516 --- [restartedMain] o.s.b.w.embedded.tomcat.TomcatWebServer  : Tomcat initialized with port(s): 8887 (http)
2020-08-16 00:23:38.730  INFO 9516 --- [restartedMain] o.apache.catalina.core.StandardService   : Starting service [Tomcat]
2020-08-16 00:23:38.731  INFO 9516 --- [restartedMain] org.apache.catalina.core.StandardEngine  : Starting Servlet engine: [Apache Tomcat/9.0.36]
2020-08-16 00:23:38.876  INFO 9516 --- [restartedMain] o.a.c.c.C.[Tomcat].[localhost].[/]       : Initializing Spring embedded WebApplicationContext
2020-08-16 00:23:38.877  INFO 9516 --- [restartedMain] w.s.c.ServletWebServerApplicationContext : Root WebApplicationContext: initialization completed in 2020 ms
2020-08-16 00:23:38.933  INFO 9516 --- [restartedMain] com.zaxxer.hikari.HikariDataSource       : HikariPool-1 - Starting...
2020-08-16 00:23:39.123  INFO 9516 --- [restartedMain] com.zaxxer.hikari.HikariDataSource       : HikariPool-1 - Start completed.
2020-08-16 00:23:39.130  INFO 9516 --- [restartedMain] o.s.b.a.h2.H2ConsoleAutoConfiguration    : H2 console available at '/h2-console'. Database available at 'jdbc:h2:D:/community'
2020-08-16 00:23:39.908  INFO 9516 --- [restartedMain] o.s.s.concurrent.ThreadPoolTaskExecutor  : Initializing ExecutorService 'applicationTaskExecutor'
2020-08-16 00:23:40.024  INFO 9516 --- [restartedMain] o.s.b.a.w.s.WelcomePageHandlerMapping    : Adding welcome page template: index
2020-08-16 00:23:40.301  INFO 9516 --- [restartedMain] o.s.s.c.ThreadPoolTaskScheduler          : Initializing ExecutorService 'taskScheduler'
2020-08-16 00:23:40.636  INFO 9516 --- [restartedMain] o.s.b.d.a.OptionalLiveReloadServer       : LiveReload server is running on port 35729
2020-08-16 00:23:40.699  INFO 9516 --- [restartedMain] o.s.b.w.embedded.tomcat.TomcatWebServer  : Tomcat started on port(s): 8887 (http) with context path ''
2020-08-16 00:23:40.719  INFO 9516 --- [scheduling-1] vmansus.community.schedule.HotTagTasks   : hotTagSchedule start Sun Aug 16 00:23:40 HKT 2020
2020-08-16 00:23:40.726  INFO 9516 --- [restartedMain] vmansus.community.CommunityApplication   : Started CommunityApplication in 4.568 seconds (JVM running for 6.741)
2020-08-16 00:23:40.803  INFO 9516 --- [scheduling-1] vmansus.community.schedule.HotTagTasks   : hotTagSchedule stop Sun Aug 16 00:23:40 HKT 2020
2020-08-16 00:23:49.193  INFO 9516 --- [http-nio-8887-exec-1] o.a.c.c.C.[Tomcat].[localhost].[/]       : Initializing Spring DispatcherServlet 'dispatcherServlet'
2020-08-16 00:23:49.193  INFO 9516 --- [http-nio-8887-exec-1] o.s.web.servlet.DispatcherServlet        : Initializing Servlet 'dispatcherServlet'
2020-08-16 00:23:49.199  INFO 9516 --- [http-nio-8887-exec-1] o.s.web.servlet.DispatcherServlet        : Completed initialization in 5 ms
2020-08-16 00:23:50.333  WARN 9516 --- [http-nio-8887-exec-1] o.a.c.util.SessionIdGeneratorBase        : Creation of SecureRandom instance for session ID generation using [SHA1PRNG] took [1,100] milliseconds.
2020-08-16 15:47:01.061  INFO 8844 --- [restartedMain] vmansus.community.CommunityApplication   : Starting CommunityApplication on DESKTOP-OSFMTGP with PID 8844 (C:\Users\20781\IdeaProjects\community\target\classes started by 20781 in C:\Users\20781\IdeaProjects\community)
2020-08-16 15:47:01.065  INFO 8844 --- [restartedMain] vmansus.community.CommunityApplication   : No active profile set, falling back to default profiles: default
2020-08-16 15:47:01.208  INFO 8844 --- [restartedMain] .e.DevToolsPropertyDefaultsPostProcessor : Devtools property defaults active! Set 'spring.devtools.add-properties' to 'false' to disable
2020-08-16 15:47:01.209  INFO 8844 --- [restartedMain] .e.DevToolsPropertyDefaultsPostProcessor : For additional web related logging consider setting the 'logging.level.web' property to 'DEBUG'
2020-08-16 15:47:02.769  INFO 8844 --- [restartedMain] o.s.b.w.embedded.tomcat.TomcatWebServer  : Tomcat initialized with port(s): 8887 (http)
2020-08-16 15:47:02.784  INFO 8844 --- [restartedMain] o.apache.catalina.core.StandardService   : Starting service [Tomcat]
2020-08-16 15:47:02.784  INFO 8844 --- [restartedMain] org.apache.catalina.core.StandardEngine  : Starting Servlet engine: [Apache Tomcat/9.0.36]
2020-08-16 15:47:02.888  INFO 8844 --- [restartedMain] o.a.c.c.C.[Tomcat].[localhost].[/]       : Initializing Spring embedded WebApplicationContext
2020-08-16 15:47:02.889  INFO 8844 --- [restartedMain] w.s.c.ServletWebServerApplicationContext : Root WebApplicationContext: initialization completed in 1680 ms
2020-08-16 15:47:02.926  INFO 8844 --- [restartedMain] com.zaxxer.hikari.HikariDataSource       : HikariPool-1 - Starting...
2020-08-16 15:47:03.065  INFO 8844 --- [restartedMain] com.zaxxer.hikari.HikariDataSource       : HikariPool-1 - Start completed.
2020-08-16 15:47:03.070  INFO 8844 --- [restartedMain] o.s.b.a.h2.H2ConsoleAutoConfiguration    : H2 console available at '/h2-console'. Database available at 'jdbc:h2:D:/community'
2020-08-16 15:47:03.661  INFO 8844 --- [restartedMain] o.s.s.concurrent.ThreadPoolTaskExecutor  : Initializing ExecutorService 'applicationTaskExecutor'
2020-08-16 15:47:03.722  INFO 8844 --- [restartedMain] o.s.b.a.w.s.WelcomePageHandlerMapping    : Adding welcome page template: index
2020-08-16 15:47:03.844  INFO 8844 --- [restartedMain] o.s.s.c.ThreadPoolTaskScheduler          : Initializing ExecutorService 'taskScheduler'
2020-08-16 15:47:04.096  INFO 8844 --- [restartedMain] o.s.b.d.a.OptionalLiveReloadServer       : LiveReload server is running on port 35729
2020-08-16 15:47:04.141  INFO 8844 --- [restartedMain] o.s.b.w.embedded.tomcat.TomcatWebServer  : Tomcat started on port(s): 8887 (http) with context path ''
2020-08-16 15:47:04.151  INFO 8844 --- [scheduling-1] vmansus.community.schedule.HotTagTasks   : hotTagSchedule start Sun Aug 16 15:47:04 HKT 2020
2020-08-16 15:47:04.158  INFO 8844 --- [restartedMain] vmansus.community.CommunityApplication   : Started CommunityApplication in 3.662 seconds (JVM running for 5.992)
2020-08-16 15:47:04.231  INFO 8844 --- [scheduling-1] vmansus.community.schedule.HotTagTasks   : hotTagSchedule stop Sun Aug 16 15:47:04 HKT 2020
2020-08-16 15:47:36.554  INFO 8844 --- [http-nio-8887-exec-1] o.a.c.c.C.[Tomcat].[localhost].[/]       : Initializing Spring DispatcherServlet 'dispatcherServlet'
2020-08-16 15:47:36.555  INFO 8844 --- [http-nio-8887-exec-1] o.s.web.servlet.DispatcherServlet        : Initializing Servlet 'dispatcherServlet'
2020-08-16 15:47:36.562  INFO 8844 --- [http-nio-8887-exec-1] o.s.web.servlet.DispatcherServlet        : Completed initialization in 7 ms
2020-08-16 15:47:37.732  WARN 8844 --- [http-nio-8887-exec-1] o.a.c.util.SessionIdGeneratorBase        : Creation of SecureRandom instance for session ID generation using [SHA1PRNG] took [1,123] milliseconds.
2020-08-16 16:06:18.232  INFO 14684 --- [restartedMain] vmansus.community.CommunityApplication   : Starting CommunityApplication on DESKTOP-OSFMTGP with PID 14684 (C:\Users\20781\IdeaProjects\community\target\classes started by 20781 in C:\Users\20781\IdeaProjects\community)
2020-08-16 16:06:18.237  INFO 14684 --- [restartedMain] vmansus.community.CommunityApplication   : No active profile set, falling back to default profiles: default
2020-08-16 16:06:18.413  INFO 14684 --- [restartedMain] .e.DevToolsPropertyDefaultsPostProcessor : Devtools property defaults active! Set 'spring.devtools.add-properties' to 'false' to disable
2020-08-16 16:06:18.414  INFO 14684 --- [restartedMain] .e.DevToolsPropertyDefaultsPostProcessor : For additional web related logging consider setting the 'logging.level.web' property to 'DEBUG'
2020-08-16 16:06:20.420  INFO 14684 --- [restartedMain] o.s.b.w.embedded.tomcat.TomcatWebServer  : Tomcat initialized with port(s): 8887 (http)
2020-08-16 16:06:20.430  INFO 14684 --- [restartedMain] o.apache.catalina.core.StandardService   : Starting service [Tomcat]
2020-08-16 16:06:20.431  INFO 14684 --- [restartedMain] org.apache.catalina.core.StandardEngine  : Starting Servlet engine: [Apache Tomcat/9.0.36]
2020-08-16 16:06:20.555  INFO 14684 --- [restartedMain] o.a.c.c.C.[Tomcat].[localhost].[/]       : Initializing Spring embedded WebApplicationContext
2020-08-16 16:06:20.556  INFO 14684 --- [restartedMain] w.s.c.ServletWebServerApplicationContext : Root WebApplicationContext: initialization completed in 2138 ms
2020-08-16 16:06:20.611  INFO 14684 --- [restartedMain] com.zaxxer.hikari.HikariDataSource       : HikariPool-1 - Starting...
2020-08-16 16:06:20.791  INFO 14684 --- [restartedMain] com.zaxxer.hikari.HikariDataSource       : HikariPool-1 - Start completed.
2020-08-16 16:06:20.798  INFO 14684 --- [restartedMain] o.s.b.a.h2.H2ConsoleAutoConfiguration    : H2 console available at '/h2-console'. Database available at 'jdbc:h2:D:/community'
2020-08-16 16:06:21.414  INFO 14684 --- [restartedMain] o.s.s.concurrent.ThreadPoolTaskExecutor  : Initializing ExecutorService 'applicationTaskExecutor'
2020-08-16 16:06:21.479  INFO 14684 --- [restartedMain] o.s.b.a.w.s.WelcomePageHandlerMapping    : Adding welcome page template: index
2020-08-16 16:06:21.675  INFO 14684 --- [restartedMain] o.s.s.c.ThreadPoolTaskScheduler          : Initializing ExecutorService 'taskScheduler'
2020-08-16 16:06:21.983  INFO 14684 --- [restartedMain] o.s.b.d.a.OptionalLiveReloadServer       : LiveReload server is running on port 35729
2020-08-16 16:06:22.046  INFO 14684 --- [restartedMain] o.s.b.w.embedded.tomcat.TomcatWebServer  : Tomcat started on port(s): 8887 (http) with context path ''
2020-08-16 16:06:22.060  INFO 14684 --- [scheduling-1] vmansus.community.schedule.HotTagTasks   : hotTagSchedule start Sun Aug 16 16:06:22 HKT 2020
2020-08-16 16:06:22.066  INFO 14684 --- [restartedMain] vmansus.community.CommunityApplication   : Started CommunityApplication in 4.478 seconds (JVM running for 7.304)
2020-08-16 16:06:22.158  INFO 14684 --- [scheduling-1] vmansus.community.schedule.HotTagTasks   : hotTagSchedule stop Sun Aug 16 16:06:22 HKT 2020
2020-08-16 16:06:38.314  INFO 14684 --- [http-nio-8887-exec-1] o.a.c.c.C.[Tomcat].[localhost].[/]       : Initializing Spring DispatcherServlet 'dispatcherServlet'
2020-08-16 16:06:38.315  INFO 14684 --- [http-nio-8887-exec-1] o.s.web.servlet.DispatcherServlet        : Initializing Servlet 'dispatcherServlet'
2020-08-16 16:06:38.324  INFO 14684 --- [http-nio-8887-exec-1] o.s.web.servlet.DispatcherServlet        : Completed initialization in 9 ms
2020-08-16 16:06:39.398  WARN 14684 --- [http-nio-8887-exec-1] o.a.c.util.SessionIdGeneratorBase        : Creation of SecureRandom instance for session ID generation using [SHA1PRNG] took [1,034] milliseconds.
2020-08-16 16:06:39.398  WARN 14684 --- [http-nio-8887-exec-2] o.a.c.util.SessionIdGeneratorBase        : Creation of SecureRandom instance for session ID generation using [SHA1PRNG] took [825] milliseconds.
